# JRE version: OpenJDK Runtime Environment (7.0_79-b14) (build 1.7.0_79-b14)
# Java VM: OpenJDK 64-Bit Server VM (24.79-b02 mixed mode linux-amd64 compressed oops)
Heap
 PSYoungGen      total 33280K, used 16376K [0x00000000daf00000, 0x00000000dd400000, 0x0000000100000000)
  eden space 28672K, 41% used [0x00000000daf00000,0x00000000dba9bc90,0x00000000dcb00000)
  from space 4608K, 97% used [0x00000000dcf80000,0x00000000dd3e2518,0x00000000dd400000)
  to   space 4608K, 0% used [0x00000000dcb00000,0x00000000dcb00000,0x00000000dcf80000)
 ParOldGen       total 75776K, used 8K [0x0000000090e00000, 0x0000000095800000, 0x00000000daf00000)
  object space 75776K, 0% used [0x0000000090e00000,0x0000000090e02000,0x0000000095800000)
 PSPermGen       total 21504K, used 12037K [0x0000000086800000, 0x0000000087d00000, 0x0000000090e00000)
  object space 21504K, 55% used [0x0000000086800000,0x00000000873c1628,0x0000000087d00000)
GC Heap History (4 events):
Event: 1,258 GC heap before
{Heap before GC invocations=1 (full 0):
 PSYoungGen      total 33280K, used 28672K [0x00000000daf00000, 0x00000000dd400000, 0x0000000100000000)
  eden space 28672K, 100% used [0x00000000daf00000,0x00000000dcb00000,0x00000000dcb00000)
  from space 4608K, 0% used [0x00000000dcf80000,0x00000000dcf80000,0x00000000dd400000)
  to   space 4608K, 0% used [0x00000000dcb00000,0x00000000dcb00000,0x00000000dcf80000)
 ParOldGen       total 75776K, used 0K [0x0000000090e00000, 0x0000000095800000, 0x00000000daf00000)
  object space 75776K, 0% used [0x0000000090e00000,0x0000000090e00000,0x0000000095800000)
 PSPermGen       total 21504K, used 7831K [0x0000000086800000, 0x0000000087d00000, 0x0000000090e00000)
  object space 21504K, 36% used [0x0000000086800000,0x0000000086fa5ce8,0x0000000087d00000)
Event: 1,265 GC heap after
Heap after GC invocations=1 (full 0):
 PSYoungGen      total 33280K, used 3896K [0x00000000daf00000, 0x00000000dd400000, 0x0000000100000000)
  eden space 28672K, 0% used [0x00000000daf00000,0x00000000daf00000,0x00000000dcb00000)
  from space 4608K, 84% used [0x00000000dcb00000,0x00000000dcece1f8,0x00000000dcf80000)
  to   space 4608K, 0% used [0x00000000dcf80000,0x00000000dcf80000,0x00000000dd400000)
 ParOldGen       total 75776K, used 8K [0x0000000090e00000, 0x0000000095800000, 0x00000000daf00000)
  object space 75776K, 0% used [0x0000000090e00000,0x0000000090e02000,0x0000000095800000)
 PSPermGen       total 21504K, used 7831K [0x0000000086800000, 0x0000000087d00000, 0x0000000090e00000)
  object space 21504K, 36% used [0x0000000086800000,0x0000000086fa5ce8,0x0000000087d00000)
}
Event: 2,250 GC heap before
{Heap before GC invocations=2 (full 0):
 PSYoungGen      total 33280K, used 32568K [0x00000000daf00000, 0x00000000dd400000, 0x0000000100000000)
  eden space 28672K, 100% used [0x00000000daf00000,0x00000000dcb00000,0x00000000dcb00000)
  from space 4608K, 84% used [0x00000000dcb00000,0x00000000dcece1f8,0x00000000dcf80000)
  to   space 4608K, 0% used [0x00000000dcf80000,0x00000000dcf80000,0x00000000dd400000)
 ParOldGen       total 75776K, used 8K [0x0000000090e00000, 0x0000000095800000, 0x00000000daf00000)
  object space 75776K, 0% used [0x0000000090e00000,0x0000000090e02000,0x0000000095800000)
 PSPermGen       total 21504K, used 10923K [0x0000000086800000, 0x0000000087d00000, 0x0000000090e00000)
  object space 21504K, 50% used [0x0000000086800000,0x00000000872aae48,0x0000000087d00000)
Event: 2,258 GC heap after
Heap after GC invocations=2 (full 0):
 PSYoungGen      total 33280K, used 4489K [0x00000000daf00000, 0x00000000dd400000, 0x0000000100000000)
  eden space 28672K, 0% used [0x00000000daf00000,0x00000000daf00000,0x00000000dcb00000)
  from space 4608K, 97% used [0x00000000dcf80000,0x00000000dd3e2518,0x00000000dd400000)
  to   space 4608K, 0% used [0x00000000dcb00000,0x00000000dcb00000,0x00000000dcf80000)
 ParOldGen       total 75776K, used 8K [0x0000000090e00000, 0x0000000095800000, 0x00000000daf00000)
  object space 75776K, 0% used [0x0000000090e00000,0x0000000090e02000,0x0000000095800000)
 PSPermGen       total 21504K, used 10923K [0x0000000086800000, 0x0000000087d00000, 0x0000000090e00000)
  object space 21504K, 50% used [0x0000000086800000,0x00000000872aae48,0x0000000087d00000)
}

