<?xml version="1.0" encoding="UTF-8"?>
<!-- Generated by org.testng.reporters.JUnitXMLReporter -->
<testsuite hostname="techmagic-System-Product-Name" name="Surefire test" tests="4" failures="0" timestamp="10 Jul 2015 15:03:13 GMT" time="19.142" errors="0">
  <testcase name="verifyEmptyEmailAndPassword" time="4.153" classname="test.TestLoginFunctionality"/>
  <testcase name="verifyEmptyPassword" time="1.424" classname="test.TestLoginFunctionality"/>
  <testcase name="verifyInvalidUserLogin" time="1.629" classname="test.TestLoginFunctionality"/>
  <testcase name="verifyLogIn" time="3.898" classname="test.TestLoginFunctionality"/>
</testsuite> <!-- Surefire test -->
