<?xml version="1.0" encoding="UTF-8"?>
<!-- Generated by org.testng.reporters.JUnitXMLReporter -->
<testsuite hostname="techmagic-System-Product-Name" name="Surefire test" tests="4" failures="0" timestamp="10 Jul 2015 17:40:59 GMT" time="21.37" errors="0">
  <testcase name="verifyEmptyEmailAndPassword" time="3.263" classname="test.TestLoginFunctionality"/>
  <testcase name="verifyEmptyPassword" time="1.112" classname="test.TestLoginFunctionality"/>
  <testcase name="verifyInvalidUserLogin" time="2.065" classname="test.TestLoginFunctionality"/>
  <testcase name="verifyLogIn" time="3.992" classname="test.TestLoginFunctionality"/>
</testsuite> <!-- Surefire test -->
