<?xml version="1.0" encoding="UTF-8"?>
<testng-results skipped="0" failed="0" total="4" passed="4">
  <reporter-output>
  </reporter-output>
  <suite name="Surefire suite" duration-ms="19142" started-at="2015-07-10T15:02:54Z" finished-at="2015-07-10T15:03:13Z">
    <groups>
    </groups>
    <test name="Surefire test" duration-ms="19142" started-at="2015-07-10T15:02:54Z" finished-at="2015-07-10T15:03:13Z">
      <class name="test.TestLoginFunctionality">
        <test-method status="PASS" signature="setUp()[pri:0, instance:test.TestLoginFunctionality@4a2c1b1c]" name="setUp" is-config="true" duration-ms="7876" started-at="2015-07-10T18:02:54Z" finished-at="2015-07-10T18:03:01Z">
          <reporter-output>
          </reporter-output>
        </test-method> <!-- setUp -->
        <test-method status="PASS" signature="verifyEmptyEmailAndPassword()[pri:0, instance:test.TestLoginFunctionality@4a2c1b1c]" name="verifyEmptyEmailAndPassword" duration-ms="4153" started-at="2015-07-10T18:03:02Z" finished-at="2015-07-10T18:03:06Z">
          <reporter-output>
          </reporter-output>
        </test-method> <!-- verifyEmptyEmailAndPassword -->
        <test-method status="PASS" signature="verifyEmptyPassword()[pri:0, instance:test.TestLoginFunctionality@4a2c1b1c]" name="verifyEmptyPassword" duration-ms="1424" started-at="2015-07-10T18:03:06Z" finished-at="2015-07-10T18:03:07Z">
          <reporter-output>
          </reporter-output>
        </test-method> <!-- verifyEmptyPassword -->
        <test-method status="PASS" signature="verifyInvalidUserLogin()[pri:0, instance:test.TestLoginFunctionality@4a2c1b1c]" name="verifyInvalidUserLogin" duration-ms="1629" started-at="2015-07-10T18:03:07Z" finished-at="2015-07-10T18:03:09Z">
          <reporter-output>
          </reporter-output>
        </test-method> <!-- verifyInvalidUserLogin -->
        <test-method status="PASS" signature="verifyLogIn()[pri:0, instance:test.TestLoginFunctionality@4a2c1b1c]" name="verifyLogIn" duration-ms="3898" started-at="2015-07-10T18:03:09Z" finished-at="2015-07-10T18:03:13Z">
          <reporter-output>
          </reporter-output>
        </test-method> <!-- verifyLogIn -->
        <test-method status="PASS" signature="finishTest()[pri:0, instance:test.TestLoginFunctionality@4a2c1b1c]" name="finishTest" is-config="true" duration-ms="123" started-at="2015-07-10T18:03:13Z" finished-at="2015-07-10T18:03:13Z">
          <reporter-output>
          </reporter-output>
        </test-method> <!-- finishTest -->
      </class> <!-- test.TestLoginFunctionality -->
    </test> <!-- Surefire test -->
  </suite> <!-- Surefire suite -->
</testng-results>
